[2022-04-21 02:29:33] Executing bootstrap tasks
[2022-04-21 02:29:33] OpenJDK Runtime Environment 17.0.2+8
[2022-04-21 02:29:33] Product org.eclipse.products.epp.package.java.2022-03
[2022-04-21 02:29:33] Bundle org.eclipse.oomph.setup 1.23.0.v20220301-0958, build=5396, branch=0ca218831ae58471d57f6865eb1ac482255de190
[2022-04-21 02:29:33] Bundle org.eclipse.oomph.setup.core 1.23.0.v20220301-0958, build=5396, branch=0ca218831ae58471d57f6865eb1ac482255de190
[2022-04-21 02:29:33] Bundle org.eclipse.oomph.setup.p2 1.18.0.v20220301-0958, build=5396, branch=0ca218831ae58471d57f6865eb1ac482255de190
[2022-04-21 02:29:33] Performing P2 Director (Eclipse IDE for Java Developers (2022-03) + JRE 17.0.2)
[2022-04-21 02:29:33] Offline = false
[2022-04-21 02:29:33] Mirrors = true
[2022-04-21 02:29:33] Resolving 18 requirements from 4 repositoriesto C:\Users\beng8\Code-2\java-2022-03\eclipse
[2022-04-21 02:29:33] Requirement org.eclipse.equinox.p2.iu:org.eclipse.justj.openjdk.hotspot.jre.full.feature.group (filter=(|(&(osgi.arch=aarch64)(osgi.os=linux))(&(osgi.arch=aarch64)(osgi.os=macosx))(&(osgi.arch=x86_64)(osgi.os=linux))(&(osgi.arch=x86_64)(osgi.os=macosx))(&(osgi.arch=x86_64)(osgi.os=win32))))
[2022-04-21 02:29:33] Requirement org.eclipse.equinox.p2.iu:epp.package.java [4.23.0,5.0.0) (filter=(|(&(osgi.arch=aarch64)(osgi.os=linux)(osgi.ws=gtk))(&(osgi.arch=aarch64)(osgi.os=macosx)(osgi.ws=cocoa))(&(osgi.arch=x86_64)(osgi.os=linux)(osgi.ws=gtk))(&(osgi.arch=x86_64)(osgi.os=macosx)(osgi.ws=cocoa))(&(osgi.arch=x86_64)(osgi.os=win32)(osgi.ws=win32))))
[2022-04-21 02:29:33] Requirement org.eclipse.equinox.p2.iu:org.eclipse.platform.feature.group [4.23.0,5.0.0)
[2022-04-21 02:29:33] Requirement org.eclipse.equinox.p2.iu:org.eclipse.rcp.feature.group [4.23.0,5.0.0)
[2022-04-21 02:29:33] Requirement org.eclipse.equinox.p2.iu:org.eclipse.buildship.feature.group
[2022-04-21 02:29:33] Requirement org.eclipse.equinox.p2.iu:org.eclipse.eclemma.feature.feature.group
[2022-04-21 02:29:33] Requirement org.eclipse.equinox.p2.iu:org.eclipse.egit.feature.group
[2022-04-21 02:29:33] Requirement org.eclipse.equinox.p2.iu:org.eclipse.epp.mpc.feature.group
[2022-04-21 02:29:33] Requirement org.eclipse.equinox.p2.iu:org.eclipse.jdt.feature.group
[2022-04-21 02:29:33] Requirement org.eclipse.equinox.p2.iu:org.eclipse.jgit.feature.group
[2022-04-21 02:29:33] Requirement org.eclipse.equinox.p2.iu:org.eclipse.m2e.feature.feature.group
[2022-04-21 02:29:33] Requirement org.eclipse.equinox.p2.iu:org.eclipse.m2e.lemminx.feature.feature.group
[2022-04-21 02:29:33] Requirement org.eclipse.equinox.p2.iu:org.eclipse.m2e.logback.feature.feature.group
[2022-04-21 02:29:33] Requirement org.eclipse.equinox.p2.iu:org.eclipse.mylyn.wikitext.editors_feature.feature.group
[2022-04-21 02:29:33] Requirement org.eclipse.equinox.p2.iu:org.eclipse.tips.feature.feature.group
[2022-04-21 02:29:33] Requirement org.eclipse.equinox.p2.iu:org.eclipse.tm.terminal.feature.feature.group
[2022-04-21 02:29:33] Requirement org.eclipse.equinox.p2.iu:org.eclipse.wildwebdeveloper.xml.feature.feature.group
[2022-04-21 02:29:33] Requirement org.eclipse.equinox.p2.iu:org.eclipse.oomph.setup.feature.group
[2022-04-21 02:29:33] Repository https://download.eclipse.org/justj/jres/17/updates/release/17.0.2
[2022-04-21 02:29:33] Repository https://download.eclipse.org/technology/epp/packages/2022-03/202203101200
[2022-04-21 02:29:33] Repository https://download.eclipse.org/releases/2022-03/202203161000
[2022-04-21 02:29:33] Repository https://download.eclipse.org/oomph/updates/milestone/latest
[2022-04-21 02:29:36] 
